<?xml version="1.0" encoding="UTF-8"?>
<testsuite xmlns:xsi="http://www.w3.org/2001/XMLSchema-instance" xsi:noNamespaceSchemaLocation="https://maven.apache.org/surefire/maven-surefire-plugin/xsd/surefire-test-report.xsd" version="3.0.2" name="com.devsuperior.dslist.DslistApplicationTests" time="6.0" tests="1" errors="0" skipped="0" failures="0">
  <properties>
[...]
</properties>
  <testcase name="contextLoads" classname="com.devsuperior.dslist.DslistApplicationTests" time="0.741">
    <system-out><![CDATA[13:19:34.788 [main] INFO org.springframework.test.context.support.AnnotationConfigContextLoaderUtils -- Could not detect default configuration classes for test class [com.devsuperior.dslist.DslistApplicationTests]: DslistApplicationTests does not declare any static, non-private, non-final, nested classes annotated with @Configuration.
13:19:34.953 [main] INFO org.springframework.boot.test.context.SpringBootTestContextBootstrapper -- Found @SpringBootConfiguration com.devsuperior.dslist.DslistApplication for test class com.devsuperior.dslist.DslistApplicationTests

  .   ____          _            __ _ _
 /\\ / ___'_ __ _ _(_)_ __  __ _ \ \ \ \
( ( )\___ | '_ | '_| | '_ \/ _` | \ \ \ \
 \\/  ___)| |_)| | | | | || (_| |  ) ) ) )
  '  |____| .__|_| |_|_| |_\__, | / / / /
 =========|_|==============|___/=/_/_/_/

 :: Spring Boot ::                (v3.4.2)

2025-01-25T13:19:35.618-03:00  INFO 16516 --- [dslist] [           main] c.d.dslist.DslistApplicationTests        : Starting DslistApplicationTests using Java 17.0.12 with PID 16516 (started by jvsc2 in C:\Projetos\Formulário de Login (simples)\dslist)
2025-01-25T13:19:35.620-03:00  INFO 16516 --- [dslist] [           main] c.d.dslist.DslistApplicationTests        : No active profile set, falling back to 1 default profile: "default"
2025-01-25T13:19:36.612-03:00  INFO 16516 --- [dslist] [           main] .s.d.r.c.RepositoryConfigurationDelegate : Bootstrapping Spring Data JPA repositories in DEFAULT mode.
2025-01-25T13:19:36.644-03:00  INFO 16516 --- [dslist] [           main] .s.d.r.c.RepositoryConfigurationDelegate : Finished Spring Data repository scanning in 18 ms. Found 0 JPA repository interfaces.
2025-01-25T13:19:37.431-03:00  INFO 16516 --- [dslist] [           main] com.zaxxer.hikari.HikariDataSource       : HikariPool-1 - Starting...
2025-01-25T13:19:37.693-03:00  INFO 16516 --- [dslist] [           main] com.zaxxer.hikari.pool.HikariPool        : HikariPool-1 - Added connection conn0: url=jdbc:h2:mem:23818664-b7f8-4fc4-82e9-dca881049982 user=SA
2025-01-25T13:19:37.696-03:00  INFO 16516 --- [dslist] [           main] com.zaxxer.hikari.HikariDataSource       : HikariPool-1 - Start completed.
2025-01-25T13:19:37.779-03:00  INFO 16516 --- [dslist] [           main] o.hibernate.jpa.internal.util.LogHelper  : HHH000204: Processing PersistenceUnitInfo [name: default]
2025-01-25T13:19:37.881-03:00  INFO 16516 --- [dslist] [           main] org.hibernate.Version                    : HHH000412: Hibernate ORM core version 6.6.5.Final
2025-01-25T13:19:37.942-03:00  INFO 16516 --- [dslist] [           main] o.h.c.internal.RegionFactoryInitiator    : HHH000026: Second-level cache disabled
2025-01-25T13:19:38.364-03:00  INFO 16516 --- [dslist] [           main] o.s.o.j.p.SpringPersistenceUnitInfo      : No LoadTimeWeaver setup: ignoring JPA class transformer
2025-01-25T13:19:38.480-03:00  INFO 16516 --- [dslist] [           main] org.hibernate.orm.connections.pooling    : HHH10001005: Database info:
	Database JDBC URL [Connecting through datasource 'HikariDataSource (HikariPool-1)']
	Database driver: undefined/unknown
	Database version: 2.3.232
	Autocommit mode: undefined/unknown
	Isolation level: undefined/unknown
	Minimum pool size: undefined/unknown
	Maximum pool size: undefined/unknown
2025-01-25T13:19:38.932-03:00  INFO 16516 --- [dslist] [           main] o.h.e.t.j.p.i.JtaPlatformInitiator       : HHH000489: No JTA platform available (set 'hibernate.transaction.jta.platform' to enable JTA platform integration)
2025-01-25T13:19:38.939-03:00  INFO 16516 --- [dslist] [           main] j.LocalContainerEntityManagerFactoryBean : Initialized JPA EntityManagerFactory for persistence unit 'default'
2025-01-25T13:19:39.141-03:00  WARN 16516 --- [dslist] [           main] JpaBaseConfiguration$JpaWebConfiguration : spring.jpa.open-in-view is enabled by default. Therefore, database queries may be performed during view rendering. Explicitly configure spring.jpa.open-in-view to disable this warning
2025-01-25T13:19:39.801-03:00  INFO 16516 --- [dslist] [           main] c.d.dslist.DslistApplicationTests        : Started DslistApplicationTests in 4.591 seconds (process running for 5.868)
]]></system-out>
  </testcase>
</testsuite>